2021-10-17 20:03:43.9727|ERROR|TicketClasses.Program|System.ArgumentNullException: Value cannot be null. (Parameter 'path')
   at System.IO.StreamWriter.ValidateArgsAndOpenPath(String path, Boolean append, Encoding encoding, Int32 bufferSize)
   at System.IO.StreamWriter..ctor(String path, Boolean append)
   at TicketClasses.TicketFile.WriteToFile(Ticket ticket) in C:\Users\Andy\RiderProjects\TicketClasses\TicketClasses\TicketFile.cs:line 77
   at TicketClasses.Program.Main(String[] args) in C:\Users\Andy\RiderProjects\TicketClasses\TicketClasses\Program.cs:line 83
2021-10-17 20:08:17.2063|ERROR|TicketClasses.Program|System.ArgumentNullException: Value cannot be null. (Parameter 'path')
   at System.IO.StreamWriter.ValidateArgsAndOpenPath(String path, Boolean append, Encoding encoding, Int32 bufferSize)
   at System.IO.StreamWriter..ctor(String path, Boolean append)
   at TicketClasses.EnhancementFile.WriteToFile(Enhancement ticket) in C:\Users\Andy\RiderProjects\TicketClasses\TicketClasses\TicketFile.cs:line 114
   at TicketClasses.Program.Main(String[] args) in C:\Users\Andy\RiderProjects\TicketClasses\TicketClasses\Program.cs:line 149
2021-10-17 21:29:02.7404|ERROR|TicketClasses.Program|System.ArgumentNullException: Value cannot be null. (Parameter 'path')
   at System.IO.StreamWriter.ValidateArgsAndOpenPath(String path, Boolean append, Encoding encoding, Int32 bufferSize)
   at System.IO.StreamWriter..ctor(String path, Boolean append)
   at TicketClasses.TaskFile.WriteToFile(Task ticket) in C:\Users\Andy\RiderProjects\TicketClasses\TicketClasses\TicketFile.cs:line 151
   at TicketClasses.Program.Main(String[] args) in C:\Users\Andy\RiderProjects\TicketClasses\TicketClasses\Program.cs:line 135
2021-10-17 21:41:52.7294|ERROR|TicketClasses.Program|System.IO.FileNotFoundException: Could not find file 'C:\Users\Andy\RiderProjects\TicketClasses\TicketClasses\bin\Debug\net5.0\tasks.csv'.
File name: 'C:\Users\Andy\RiderProjects\TicketClasses\TicketClasses\bin\Debug\net5.0\tasks.csv'
   at System.IO.FileStream.ValidateFileHandle(SafeFileHandle fileHandle)
   at System.IO.FileStream.CreateFileOpenHandle(FileMode mode, FileShare share, FileOptions options)
   at System.IO.FileStream..ctor(String path, FileMode mode, FileAccess access, FileShare share, Int32 bufferSize, FileOptions options)
   at System.IO.StreamReader.ValidateArgsAndOpenPath(String path, Encoding encoding, Int32 bufferSize)
   at System.IO.StreamReader..ctor(String path)
   at TicketClasses.TicketFileHandler.ReadFromFile() in C:\Users\Andy\RiderProjects\TicketClasses\TicketClasses\TicketFile.cs:line 50
   at TicketClasses.Program.Main(String[] args) in C:\Users\Andy\RiderProjects\TicketClasses\TicketClasses\Program.cs:line 43
